<html>
<head>
<title>testcases.uat.GUAT_Calendar</title>
<style type="text/css">
<!--
body, table {font-family: '??',arial,sans-serif; font-size: 12px;}
th {background: #336699; color: #FFFFFF; text-align: left;}
-->
</style>
</head>
<body bgcolor="#FFFFFF" topmargin="6" leftmargin="6">
<table cellspacing="0" cellpadding="4" border="1" bordercolor="#224466" width="100%">
<tr>
<tr>
<th colspan="4">Browser: Firefox 25.0.1</th>
</tr>
<tr>
<th colspan="4">Quickr Domino Server: http://lwptsvm130.cn.ibm.com</th>
</tr>
<tr>
<th colspan="4">Scenario: testcases.uat.GUAT_Calendar runs for 0 time(s)</th>
</tr>
<th>Time</th>
<th>Level</th>
<th>Link</th>
<th>Message</th>
</tr>
<br></br>

<tr>
<td>2014-08-29 10:15:47</td>
<td><font color="green">INFO</font></td>
<td>/</td>
<td>************************************</td>
</tr>

<tr>
<td>2014-08-29 10:15:47</td>
<td><font color="green">INFO</font></td>
<td>/</td>
<td>Starting 'Log In'...</td>
</tr>

<tr>
<td>2014-08-29 10:15:57</td>
<td><font color="green">INFO</font></td>
<td>/</td>
<td>Clicking on Log In</td>
</tr>

<tr>
<td>2014-08-29 10:16:06</td>
<td><font color="green">INFO</font></td>
<td>/</td>
<td>Sending keys: 'Domino Testuser101' into user textbox</td>
</tr>

<tr>
<td>2014-08-29 10:16:10</td>
<td><font color="green">INFO</font></td>
<td>/</td>
<td>Sending keys: 'testuser101' into password textbox</td>
</tr>

<tr>
<td>2014-08-29 10:16:14</td>
<td><font color="green">INFO</font></td>
<td>/</td>
<td>Submitting...</td>
</tr>

<tr>
<td>2014-08-29 10:16:25</td>
<td><font color="blue"><strong>Verified</strong></font></td>
<td>/</td>
<td>Verified the link 'Log Out' appears.</td>
</tr>

<tr>
<td>2014-08-29 10:16:25</td>
<td><font color="green">INFO</font></td>
<td>/</td>
<td>End of 'Log In'.</td>
</tr>

<tr>
<td>2014-08-29 10:16:25</td>
<td><font color="green">INFO</font></td>
<td>/</td>
<td>************************************</td>
</tr>

<tr>
<td>2014-08-29 10:16:25</td>
<td><font color="green">INFO</font></td>
<td>/</td>
<td>************************************</td>
</tr>

<tr>
<td>2014-08-29 10:16:25</td>
<td><font color="green">INFO</font></td>
<td>/</td>
<td>Starting 'Create Place'...</td>
</tr>

<tr>
<td>2014-08-29 10:16:35</td>
<td><font color="green">INFO</font></td>
<td>/</td>
<td>Clicking on Create a Place</td>
</tr>

<tr>
<td>2014-08-29 10:16:43</td>
<td><font color="green">INFO</font></td>
<td>/</td>
<td>Clicking on Standard place for teams link</td>
</tr>

<tr>
<td>2014-08-29 10:16:52</td>
<td><font color="green">INFO</font></td>
<td>/</td>
<td>Sending keys: 'UAT_Cal0829101625' into place name textbox</td>
</tr>

<tr>
<td>2014-08-29 10:16:53</td>
<td><font color="green">INFO</font></td>
<td>/</td>
<td>Sending keys: 'null' into place description textbox</td>
</tr>

<tr>
<td>2014-08-29 10:16:54</td>
<td><font color="green">INFO</font></td>
<td>/</td>
<td>Clicking on Create</td>
</tr>

<tr>
<td>2014-08-29 10:17:27</td>
<td><font color="green">INFO</font></td>
<td>/</td>
<td>Clicking on UAT_Cal0829101625 link</td>
</tr>

<tr>
<td>2014-08-29 10:17:47</td>
<td><font color="green">INFO</font></td>
<td>/</td>
<td>End of 'Create Place'.</td>
</tr>

<tr>
<td>2014-08-29 10:17:47</td>
<td><font color="green">INFO</font></td>
<td>/</td>
<td>************************************</td>
</tr>

<tr>
<td>2014-08-29 10:17:47</td>
<td><font color="green">INFO</font></td>
<td>/</td>
<td>************************************</td>
</tr>

<tr>
<td>2014-08-29 10:17:47</td>
<td><font color="green">INFO</font></td>
<td>/</td>
<td>Starting 'Add Members'...</td>
</tr>

<tr>
<td>2014-08-29 10:17:48</td>
<td><font color="green">INFO</font></td>
<td>/</td>
<td>Clicking on Members link</td>
</tr>

<tr>
<td>2014-08-29 10:18:04</td>
<td><font color="green">INFO</font></td>
<td>/</td>
<td>************************************</td>
</tr>

<tr>
<td>2014-08-29 10:18:04</td>
<td><font color="green">INFO</font></td>
<td>/</td>
<td>Starting 'Add Reader Member'...</td>
</tr>

<tr>
<td>2014-08-29 10:18:05</td>
<td><font color="green">INFO</font></td>
<td>/</td>
<td>Clicking on Add Members button</td>
</tr>

<tr>
<td>2014-08-29 10:18:09</td>
<td><font color="green">INFO</font></td>
<td>/</td>
<td>Clicking on Reader tab</td>
</tr>

<tr>
<td>2014-08-29 10:18:13</td>
<td><font color="green">INFO</font></td>
<td>/</td>
<td>Clicking on reader input textbox</td>
</tr>

<tr>
<td>2014-08-29 10:18:14</td>
<td><font color="red"><strong>ERROR</strong></font></td>
<td>/</td>
<td>Errors on finding element(s).</td>
</tr>

<tr>
<td>2014-08-29 10:18:14</td>
<td><font color="red">Snap link</font></td>
<td><a href="file:../Screenshots\20140829-101813_GUAT_Calendar.png">logs/Screenshots\20140829-101813_GUAT_Calendar.png</a>
</td>
<td>Link to the snapshot</td>
</tr>

<tr>
<td>2014-08-29 10:18:14</td>
<td><font color="red"><strong>ERROR</strong></font></td>
<td>/</td>
<td>Element is not currently visible and so may not be interacted with
Command duration or timeout: 25 milliseconds
Build info: version: '2.41.0', revision: '3192d8a', time: '2014-03-27 17:18:15'
System info: host: 'zhangguojun', ip: '9.123.115.33', os.name: 'Windows 7', os.arch: 'x86', os.version: '6.1', java.version: '1.6.0_16'
Session ID: 3d7b6a1b-687f-445f-80d2-74bf9bd4505a
Driver info: org.openqa.selenium.firefox.FirefoxDriver
Capabilities [{platform=XP, acceptSslCerts=true, javascriptEnabled=true, browserName=firefox, rotatable=false, locationContextEnabled=true, version=25.0.1, cssSelectorsEnabled=true, databaseEnabled=true, handlesAlerts=true, browserConnectionEnabled=true, nativeEvents=false, webStorageEnabled=true, applicationCacheEnabled=true, takesScreenshot=true}]</td>
</tr>
<tr><td bgcolor="#993300" style="color:White; font-size : xx-small;" colspan="4">org.openqa.selenium.ElementNotVisibleException: Element is not currently visible and so may not be interacted with
<br>&nbsp;&nbsp;&nbsp;&nbsp;Command duration or timeout: 25 milliseconds
<br>&nbsp;&nbsp;&nbsp;&nbsp;Build info: version: '2.41.0', revision: '3192d8a', time: '2014-03-27 17:18:15'
<br>&nbsp;&nbsp;&nbsp;&nbsp;System info: host: 'zhangguojun', ip: '9.123.115.33', os.name: 'Windows 7', os.arch: 'x86', os.version: '6.1', java.version: '1.6.0_16'
<br>&nbsp;&nbsp;&nbsp;&nbsp;Session ID: 3d7b6a1b-687f-445f-80d2-74bf9bd4505a
<br>&nbsp;&nbsp;&nbsp;&nbsp;Driver info: org.openqa.selenium.firefox.FirefoxDriver
<br>&nbsp;&nbsp;&nbsp;&nbsp;Capabilities [{platform=XP, acceptSslCerts=true, javascriptEnabled=true, browserName=firefox, rotatable=false, locationContextEnabled=true, version=25.0.1, cssSelectorsEnabled=true, databaseEnabled=true, handlesAlerts=true, browserConnectionEnabled=true, nativeEvents=false, webStorageEnabled=true, applicationCacheEnabled=true, takesScreenshot=true}]
<br>&nbsp;&nbsp;&nbsp;&nbsp;	at sun.reflect.NativeConstructorAccessorImpl.newInstance0(Native Method)
<br>&nbsp;&nbsp;&nbsp;&nbsp;	at sun.reflect.NativeConstructorAccessorImpl.newInstance(Unknown Source)
<br>&nbsp;&nbsp;&nbsp;&nbsp;	at sun.reflect.DelegatingConstructorAccessorImpl.newInstance(Unknown Source)
<br>&nbsp;&nbsp;&nbsp;&nbsp;	at java.lang.reflect.Constructor.newInstance(Unknown Source)
<br>&nbsp;&nbsp;&nbsp;&nbsp;	at org.openqa.selenium.remote.ErrorHandler.createThrowable(ErrorHandler.java:193)
<br>&nbsp;&nbsp;&nbsp;&nbsp;	at org.openqa.selenium.remote.ErrorHandler.throwIfResponseFailed(ErrorHandler.java:145)
<br>&nbsp;&nbsp;&nbsp;&nbsp;	at org.openqa.selenium.remote.RemoteWebDriver.execute(RemoteWebDriver.java:595)
<br>&nbsp;&nbsp;&nbsp;&nbsp;	at org.openqa.selenium.remote.RemoteWebElement.execute(RemoteWebElement.java:268)
<br>&nbsp;&nbsp;&nbsp;&nbsp;	at org.openqa.selenium.remote.RemoteWebElement.click(RemoteWebElement.java:79)
<br>&nbsp;&nbsp;&nbsp;&nbsp;	at config.Element.click(Element.java:67)
<br>&nbsp;&nbsp;&nbsp;&nbsp;	at tasks.common.QFD_MembersTask.addReaderMember(QFD_MembersTask.java:140)
<br>&nbsp;&nbsp;&nbsp;&nbsp;	at tasks.common.QFD_MembersTask.addMembers(QFD_MembersTask.java:701)
<br>&nbsp;&nbsp;&nbsp;&nbsp;	at testcases.uat.GUAT_Calendar.testMain_UAT_Calendar(GUAT_Calendar.java:66)
<br>&nbsp;&nbsp;&nbsp;&nbsp;	at sun.reflect.NativeMethodAccessorImpl.invoke0(Native Method)
<br>&nbsp;&nbsp;&nbsp;&nbsp;	at sun.reflect.NativeMethodAccessorImpl.invoke(Unknown Source)
<br>&nbsp;&nbsp;&nbsp;&nbsp;	at sun.reflect.DelegatingMethodAccessorImpl.invoke(Unknown Source)
<br>&nbsp;&nbsp;&nbsp;&nbsp;	at java.lang.reflect.Method.invoke(Unknown Source)
<br>&nbsp;&nbsp;&nbsp;&nbsp;	at junit.framework.TestCase.runTest(TestCase.java:176)
<br>&nbsp;&nbsp;&nbsp;&nbsp;	at junit.framework.TestCase.runBare(TestCase.java:141)
<br>&nbsp;&nbsp;&nbsp;&nbsp;	at junit.framework.TestResult$1.protect(TestResult.java:122)
<br>&nbsp;&nbsp;&nbsp;&nbsp;	at junit.framework.TestResult.runProtected(TestResult.java:142)
<br>&nbsp;&nbsp;&nbsp;&nbsp;	at junit.framework.TestResult.run(TestResult.java:125)
<br>&nbsp;&nbsp;&nbsp;&nbsp;	at junit.framework.TestCase.run(TestCase.java:129)
<br>&nbsp;&nbsp;&nbsp;&nbsp;	at junit.framework.TestSuite.runTest(TestSuite.java:255)
<br>&nbsp;&nbsp;&nbsp;&nbsp;	at junit.framework.TestSuite.run(TestSuite.java:250)
<br>&nbsp;&nbsp;&nbsp;&nbsp;	at org.junit.internal.runners.JUnit38ClassRunner.run(JUnit38ClassRunner.java:84)
<br>&nbsp;&nbsp;&nbsp;&nbsp;	at org.eclipse.jdt.internal.junit4.runner.JUnit4TestReference.run(JUnit4TestReference.java:49)
<br>&nbsp;&nbsp;&nbsp;&nbsp;	at org.eclipse.jdt.internal.junit.runner.TestExecution.run(TestExecution.java:38)
<br>&nbsp;&nbsp;&nbsp;&nbsp;	at org.eclipse.jdt.internal.junit.runner.RemoteTestRunner.runTests(RemoteTestRunner.java:467)
<br>&nbsp;&nbsp;&nbsp;&nbsp;	at org.eclipse.jdt.internal.junit.runner.RemoteTestRunner.runTests(RemoteTestRunner.java:683)
<br>&nbsp;&nbsp;&nbsp;&nbsp;	at org.eclipse.jdt.internal.junit.runner.RemoteTestRunner.run(RemoteTestRunner.java:390)
<br>&nbsp;&nbsp;&nbsp;&nbsp;	at org.eclipse.jdt.internal.junit.runner.RemoteTestRunner.main(RemoteTestRunner.java:197)
<br>&nbsp;&nbsp;&nbsp;&nbsp;Caused by: org.openqa.selenium.remote.ErrorHandler$UnknownServerException: Element is not currently visible and so may not be interacted with
<br>&nbsp;&nbsp;&nbsp;&nbsp;Build info: version: '2.41.0', revision: '3192d8a', time: '2014-03-27 17:18:15'
<br>&nbsp;&nbsp;&nbsp;&nbsp;System info: host: 'zhangguojun', ip: '9.123.115.33', os.name: 'Windows 7', os.arch: 'x86', os.version: '6.1', java.version: '1.6.0_16'
<br>&nbsp;&nbsp;&nbsp;&nbsp;Driver info: driver.version: unknown
<br>&nbsp;&nbsp;&nbsp;&nbsp;	at &lt;anonymous class&gt;.fxdriver.preconditions.visible(file:///C:/Users/ADMINI~1/AppData/Local/Temp/anonymous1412097906944246643webdriver-profile/extensions/fxdriver@googlecode.com/components/command_processor.js:8225)
<br>&nbsp;&nbsp;&nbsp;&nbsp;	at &lt;anonymous class&gt;.DelayedCommand.prototype.checkPreconditions_(file:///C:/Users/ADMINI~1/AppData/Local/Temp/anonymous1412097906944246643webdriver-profile/extensions/fxdriver@googlecode.com/components/command_processor.js:10867)
<br>&nbsp;&nbsp;&nbsp;&nbsp;	at &lt;anonymous class&gt;.DelayedCommand.prototype.executeInternal_/h(file:///C:/Users/ADMINI~1/AppData/Local/Temp/anonymous1412097906944246643webdriver-profile/extensions/fxdriver@googlecode.com/components/command_processor.js:10884)
<br>&nbsp;&nbsp;&nbsp;&nbsp;	at &lt;anonymous class&gt;.DelayedCommand.prototype.executeInternal_(file:///C:/Users/ADMINI~1/AppData/Local/Temp/anonymous1412097906944246643webdriver-profile/extensions/fxdriver@googlecode.com/components/command_processor.js:10889)
<br>&nbsp;&nbsp;&nbsp;&nbsp;	at &lt;anonymous class&gt;.DelayedCommand.prototype.execute/&lt;(file:///C:/Users/ADMINI~1/AppData/Local/Temp/anonymous1412097906944246643webdriver-profile/extensions/fxdriver@googlecode.com/components/command_processor.js:10831)
</td></tr>
</table>
<br>
</body></html>