<html>
<head>
<title>testcases.uat.GUAT_Calendar</title>
<style type="text/css">
<!--
body, table {font-family: '??',arial,sans-serif; font-size: 12px;}
th {background: #336699; color: #FFFFFF; text-align: left;}
-->
</style>
</head>
<body bgcolor="#FFFFFF" topmargin="6" leftmargin="6">
<table cellspacing="0" cellpadding="4" border="1" bordercolor="#224466" width="100%">
<tr>
<tr>
<th colspan="4">Browser: InternetExplorer 9.0</th>
</tr>
<tr>
<th colspan="4">Quickr Domino Server: http://lwptsvm130.cn.ibm.com</th>
</tr>
<tr>
<th colspan="4">Scenario: testcases.uat.GUAT_Calendar runs for 0 time(s)</th>
</tr>
<th>Time</th>
<th>Level</th>
<th>Link</th>
<th>Message</th>
</tr>
<br></br>

<tr>
<td>2014-03-21 17:24:03</td>
<td><font color="green">INFO</font></td>
<td>/</td>
<td>I/O exception (java.net.SocketException) caught when processing request: Software caused connection abort: recv failed</td>
</tr>

<tr>
<td>2014-03-21 17:24:03</td>
<td><font color="green">INFO</font></td>
<td>/</td>
<td>Retrying request</td>
</tr>

<tr>
<td>2014-03-21 17:24:04</td>
<td><font color="green">INFO</font></td>
<td>/</td>
<td>************************************</td>
</tr>

<tr>
<td>2014-03-21 17:24:04</td>
<td><font color="green">INFO</font></td>
<td>/</td>
<td>Starting 'Log In'...</td>
</tr>

<tr>
<td>2014-03-21 17:24:09</td>
<td><font color="green">INFO</font></td>
<td>/</td>
<td>Clicking on Log In</td>
</tr>

<tr>
<td>2014-03-21 17:24:15</td>
<td><font color="green">INFO</font></td>
<td>/</td>
<td>Sending keys: 'Domino Testuser101' into user textbox</td>
</tr>

<tr>
<td>2014-03-21 17:24:17</td>
<td><font color="green">INFO</font></td>
<td>/</td>
<td>Sending keys: 'testuser101' into password textbox</td>
</tr>

<tr>
<td>2014-03-21 17:24:19</td>
<td><font color="green">INFO</font></td>
<td>/</td>
<td>Submitting...</td>
</tr>

<tr>
<td>2014-03-21 17:24:25</td>
<td><font color="blue"><strong>Verified</strong></font></td>
<td>/</td>
<td>Verified the link 'Log Out' appears.</td>
</tr>

<tr>
<td>2014-03-21 17:24:25</td>
<td><font color="green">INFO</font></td>
<td>/</td>
<td>End of 'Log In'.</td>
</tr>

<tr>
<td>2014-03-21 17:24:25</td>
<td><font color="green">INFO</font></td>
<td>/</td>
<td>************************************</td>
</tr>

<tr>
<td>2014-03-21 17:24:25</td>
<td><font color="green">INFO</font></td>
<td>/</td>
<td>************************************</td>
</tr>

<tr>
<td>2014-03-21 17:24:25</td>
<td><font color="green">INFO</font></td>
<td>/</td>
<td>Starting 'Create Place'...</td>
</tr>

<tr>
<td>2014-03-21 17:24:30</td>
<td><font color="green">INFO</font></td>
<td>/</td>
<td>Clicking on Create a Place</td>
</tr>

<tr>
<td>2014-03-21 17:24:39</td>
<td><font color="green">INFO</font></td>
<td>/</td>
<td>Clicking on Standard place for teams link</td>
</tr>

<tr>
<td>2014-03-21 17:24:48</td>
<td><font color="green">INFO</font></td>
<td>/</td>
<td>Sending keys: 'UAT_Cal0321172425' into place name textbox</td>
</tr>

<tr>
<td>2014-03-21 17:24:49</td>
<td><font color="green">INFO</font></td>
<td>/</td>
<td>Sending keys: 'null' into place description textbox</td>
</tr>

<tr>
<td>2014-03-21 17:24:50</td>
<td><font color="green">INFO</font></td>
<td>/</td>
<td>Clicking on Create</td>
</tr>

<tr>
<td>2014-03-21 17:25:17</td>
<td><font color="green">INFO</font></td>
<td>/</td>
<td>Clicking on UAT_Cal0321172425 link</td>
</tr>

<tr>
<td>2014-03-21 17:25:42</td>
<td><font color="green">INFO</font></td>
<td>/</td>
<td>End of 'Create Place'.</td>
</tr>

<tr>
<td>2014-03-21 17:25:42</td>
<td><font color="green">INFO</font></td>
<td>/</td>
<td>************************************</td>
</tr>

<tr>
<td>2014-03-21 17:25:42</td>
<td><font color="green">INFO</font></td>
<td>/</td>
<td>************************************</td>
</tr>

<tr>
<td>2014-03-21 17:25:42</td>
<td><font color="green">INFO</font></td>
<td>/</td>
<td>Starting 'Add Members'...</td>
</tr>

<tr>
<td>2014-03-21 17:25:43</td>
<td><font color="green">INFO</font></td>
<td>/</td>
<td>Clicking on Members link</td>
</tr>

<tr>
<td>2014-03-21 17:25:48</td>
<td><font color="green">INFO</font></td>
<td>/</td>
<td>************************************</td>
</tr>

<tr>
<td>2014-03-21 17:25:48</td>
<td><font color="green">INFO</font></td>
<td>/</td>
<td>Starting 'Add Reader Member'...</td>
</tr>

<tr>
<td>2014-03-21 17:25:49</td>
<td><font color="green">INFO</font></td>
<td>/</td>
<td>Clicking on Add Members button</td>
</tr>

<tr>
<td>2014-03-21 17:25:52</td>
<td><font color="green">INFO</font></td>
<td>/</td>
<td>Clicking on Reader tab</td>
</tr>

<tr>
<td>2014-03-21 17:25:54</td>
<td><font color="green">INFO</font></td>
<td>/</td>
<td>Clicking on reader input textbox</td>
</tr>

<tr>
<td>2014-03-21 17:25:55</td>
<td><font color="green">INFO</font></td>
<td>/</td>
<td>Clearing the text of reader input textbox</td>
</tr>

<tr>
<td>2014-03-21 17:25:56</td>
<td><font color="green">INFO</font></td>
<td>/</td>
<td>Sending keys: 'Domino Testuser102 [CN=Domino Testuser102/O=Notesdev/C=US],' into reader input textbox</td>
</tr>

<tr>
<td>2014-03-21 17:25:59</td>
<td><font color="green">INFO</font></td>
<td>/</td>
<td>Clicking on OK button</td>
</tr>

<tr>
<td>2014-03-21 17:26:02</td>
<td><font color="red"><strong>ERROR</strong></font></td>
<td>/</td>
<td>Errors on finding element(s).</td>
</tr>

<tr>
<td>2014-03-21 17:26:02</td>
<td><font color="red">Snap link</font></td>
<td><a href="file:../Screenshots\20140321-172602_GUAT_Calendar.png">logs/Screenshots\20140321-172602_GUAT_Calendar.png</a>
</td>
<td>Link to the snapshot</td>
</tr>

<tr>
<td>2014-03-21 17:26:02</td>
<td><font color="red"><strong>ERROR</strong></font></td>
<td>/</td>
<td>Unable to find element with xpath == //a[@title='CN=Domino Testuser102/O=Notesdev/C=US'] (WARNING: The server did not provide any stacktrace information)
Command duration or timeout: 264 milliseconds
For documentation on this error, please visit: http://seleniumhq.org/exceptions/no_such_element.html
Build info: version: '2.23.1', revision: '17143', time: '2012-06-08 18:59:28'
System info: os.name: 'Windows 7', os.arch: 'x86', os.version: '6.1', java.version: '1.6.0_16'
Driver info: driver.version: RemoteWebDriver
Session ID: 4b3bfb26-2249-46ae-ada8-2e9f0d0044ad</td>
</tr>
<tr><td bgcolor="#993300" style="color:White; font-size : xx-small;" colspan="4">org.openqa.selenium.NoSuchElementException: Unable to find element with xpath == //a[@title='CN=Domino Testuser102/O=Notesdev/C=US'] (WARNING: The server did not provide any stacktrace information)
<br>&nbsp;&nbsp;&nbsp;&nbsp;Command duration or timeout: 264 milliseconds
<br>&nbsp;&nbsp;&nbsp;&nbsp;For documentation on this error, please visit: http://seleniumhq.org/exceptions/no_such_element.html
<br>&nbsp;&nbsp;&nbsp;&nbsp;Build info: version: '2.23.1', revision: '17143', time: '2012-06-08 18:59:28'
<br>&nbsp;&nbsp;&nbsp;&nbsp;System info: os.name: 'Windows 7', os.arch: 'x86', os.version: '6.1', java.version: '1.6.0_16'
<br>&nbsp;&nbsp;&nbsp;&nbsp;Driver info: driver.version: RemoteWebDriver
<br>&nbsp;&nbsp;&nbsp;&nbsp;Session ID: 4b3bfb26-2249-46ae-ada8-2e9f0d0044ad
<br>&nbsp;&nbsp;&nbsp;&nbsp;	at sun.reflect.NativeConstructorAccessorImpl.newInstance0(Native Method)
<br>&nbsp;&nbsp;&nbsp;&nbsp;	at sun.reflect.NativeConstructorAccessorImpl.newInstance(Unknown Source)
<br>&nbsp;&nbsp;&nbsp;&nbsp;	at sun.reflect.DelegatingConstructorAccessorImpl.newInstance(Unknown Source)
<br>&nbsp;&nbsp;&nbsp;&nbsp;	at java.lang.reflect.Constructor.newInstance(Unknown Source)
<br>&nbsp;&nbsp;&nbsp;&nbsp;	at org.openqa.selenium.remote.ErrorHandler.createThrowable(ErrorHandler.java:188)
<br>&nbsp;&nbsp;&nbsp;&nbsp;	at org.openqa.selenium.remote.ErrorHandler.throwIfResponseFailed(ErrorHandler.java:145)
<br>&nbsp;&nbsp;&nbsp;&nbsp;	at org.openqa.selenium.remote.RemoteWebDriver.execute(RemoteWebDriver.java:458)
<br>&nbsp;&nbsp;&nbsp;&nbsp;	at org.openqa.selenium.remote.RemoteWebDriver.findElement(RemoteWebDriver.java:226)
<br>&nbsp;&nbsp;&nbsp;&nbsp;	at org.openqa.selenium.remote.RemoteWebDriver.findElementByXPath(RemoteWebDriver.java:311)
<br>&nbsp;&nbsp;&nbsp;&nbsp;	at org.openqa.selenium.By$ByXPath.findElement(By.java:343)
<br>&nbsp;&nbsp;&nbsp;&nbsp;	at org.openqa.selenium.remote.RemoteWebDriver.findElement(RemoteWebDriver.java:218)
<br>&nbsp;&nbsp;&nbsp;&nbsp;	at util.Assert.elementExistXPath(Assert.java:354)
<br>&nbsp;&nbsp;&nbsp;&nbsp;	at tasks.common.QFD_MembersTask.addReaderMember(QFD_MembersTask.java:155)
<br>&nbsp;&nbsp;&nbsp;&nbsp;	at tasks.common.QFD_MembersTask.addMembers(QFD_MembersTask.java:701)
<br>&nbsp;&nbsp;&nbsp;&nbsp;	at testcases.uat.GUAT_Calendar.testMain_UAT_Calendar(GUAT_Calendar.java:66)
<br>&nbsp;&nbsp;&nbsp;&nbsp;	at sun.reflect.NativeMethodAccessorImpl.invoke0(Native Method)
<br>&nbsp;&nbsp;&nbsp;&nbsp;	at sun.reflect.NativeMethodAccessorImpl.invoke(Unknown Source)
<br>&nbsp;&nbsp;&nbsp;&nbsp;	at sun.reflect.DelegatingMethodAccessorImpl.invoke(Unknown Source)
<br>&nbsp;&nbsp;&nbsp;&nbsp;	at java.lang.reflect.Method.invoke(Unknown Source)
<br>&nbsp;&nbsp;&nbsp;&nbsp;	at junit.framework.TestCase.runTest(TestCase.java:168)
<br>&nbsp;&nbsp;&nbsp;&nbsp;	at junit.framework.TestCase.runBare(TestCase.java:134)
<br>&nbsp;&nbsp;&nbsp;&nbsp;	at junit.framework.TestResult$1.protect(TestResult.java:110)
<br>&nbsp;&nbsp;&nbsp;&nbsp;	at junit.framework.TestResult.runProtected(TestResult.java:128)
<br>&nbsp;&nbsp;&nbsp;&nbsp;	at junit.framework.TestResult.run(TestResult.java:113)
<br>&nbsp;&nbsp;&nbsp;&nbsp;	at junit.framework.TestCase.run(TestCase.java:124)
<br>&nbsp;&nbsp;&nbsp;&nbsp;	at junit.framework.TestSuite.runTest(TestSuite.java:243)
<br>&nbsp;&nbsp;&nbsp;&nbsp;	at junit.framework.TestSuite.run(TestSuite.java:238)
<br>&nbsp;&nbsp;&nbsp;&nbsp;	at junit.extensions.TestDecorator.basicRun(TestDecorator.java:24)
<br>&nbsp;&nbsp;&nbsp;&nbsp;	at junit.extensions.TestSetup$1.protect(TestSetup.java:23)
<br>&nbsp;&nbsp;&nbsp;&nbsp;	at junit.framework.TestResult.runProtected(TestResult.java:128)
<br>&nbsp;&nbsp;&nbsp;&nbsp;	at junit.extensions.TestSetup.run(TestSetup.java:27)
<br>&nbsp;&nbsp;&nbsp;&nbsp;	at org.junit.internal.runners.JUnit38ClassRunner.run(JUnit38ClassRunner.java:83)
<br>&nbsp;&nbsp;&nbsp;&nbsp;	at org.eclipse.jdt.internal.junit4.runner.JUnit4TestReference.run(JUnit4TestReference.java:49)
<br>&nbsp;&nbsp;&nbsp;&nbsp;	at org.eclipse.jdt.internal.junit.runner.TestExecution.run(TestExecution.java:38)
<br>&nbsp;&nbsp;&nbsp;&nbsp;	at org.eclipse.jdt.internal.junit.runner.RemoteTestRunner.runTests(RemoteTestRunner.java:467)
<br>&nbsp;&nbsp;&nbsp;&nbsp;	at org.eclipse.jdt.internal.junit.runner.RemoteTestRunner.runTests(RemoteTestRunner.java:683)
<br>&nbsp;&nbsp;&nbsp;&nbsp;	at org.eclipse.jdt.internal.junit.runner.RemoteTestRunner.run(RemoteTestRunner.java:390)
<br>&nbsp;&nbsp;&nbsp;&nbsp;	at org.eclipse.jdt.internal.junit.runner.RemoteTestRunner.main(RemoteTestRunner.java:197)
</td></tr>

<tr>
<td>2014-03-21 17:26:03</td>
<td><font color="green">INFO</font></td>
<td>/</td>
<td>End of 'Add Reader Member'.</td>
</tr>

<tr>
<td>2014-03-21 17:26:03</td>
<td><font color="green">INFO</font></td>
<td>/</td>
<td>************************************</td>
</tr>

<tr>
<td>2014-03-21 17:26:03</td>
<td><font color="green">INFO</font></td>
<td>/</td>
<td>************************************</td>
</tr>

<tr>
<td>2014-03-21 17:26:03</td>
<td><font color="green">INFO</font></td>
<td>/</td>
<td>Starting 'Add Author Member'...</td>
</tr>

<tr>
<td>2014-03-21 17:26:04</td>
<td><font color="green">INFO</font></td>
<td>/</td>
<td>Clicking on Add Members button</td>
</tr>

<tr>
<td>2014-03-21 17:26:06</td>
<td><font color="green">INFO</font></td>
<td>/</td>
<td>Clicking on Author tab</td>
</tr>

<tr>
<td>2014-03-21 17:26:07</td>
<td><font color="red"><strong>ERROR</strong></font></td>
<td>/</td>
<td>Errors on finding element(s).</td>
</tr>

<tr>
<td>2014-03-21 17:26:07</td>
<td><font color="red">Snap link</font></td>
<td><a href="file:../Screenshots\20140321-172606_GUAT_Calendar.png">logs/Screenshots\20140321-172606_GUAT_Calendar.png</a>
</td>
<td>Link to the snapshot</td>
</tr>

<tr>
<td>2014-03-21 17:26:07</td>
<td><font color="red"><strong>ERROR</strong></font></td>
<td>/</td>
<td>Cannot click on element (WARNING: The server did not provide any stacktrace information)
Command duration or timeout: 32 milliseconds
Build info: version: '2.23.1', revision: '17143', time: '2012-06-08 18:59:28'
System info: os.name: 'Windows 7', os.arch: 'x86', os.version: '6.1', java.version: '1.6.0_16'
Driver info: driver.version: RemoteWebDriver
Session ID: 4b3bfb26-2249-46ae-ada8-2e9f0d0044ad</td>
</tr>
<tr><td bgcolor="#993300" style="color:White; font-size : xx-small;" colspan="4">org.openqa.selenium.ElementNotVisibleException: Cannot click on element (WARNING: The server did not provide any stacktrace information)
<br>&nbsp;&nbsp;&nbsp;&nbsp;Command duration or timeout: 32 milliseconds
<br>&nbsp;&nbsp;&nbsp;&nbsp;Build info: version: '2.23.1', revision: '17143', time: '2012-06-08 18:59:28'
<br>&nbsp;&nbsp;&nbsp;&nbsp;System info: os.name: 'Windows 7', os.arch: 'x86', os.version: '6.1', java.version: '1.6.0_16'
<br>&nbsp;&nbsp;&nbsp;&nbsp;Driver info: driver.version: RemoteWebDriver
<br>&nbsp;&nbsp;&nbsp;&nbsp;Session ID: 4b3bfb26-2249-46ae-ada8-2e9f0d0044ad
<br>&nbsp;&nbsp;&nbsp;&nbsp;	at sun.reflect.NativeConstructorAccessorImpl.newInstance0(Native Method)
<br>&nbsp;&nbsp;&nbsp;&nbsp;	at sun.reflect.NativeConstructorAccessorImpl.newInstance(Unknown Source)
<br>&nbsp;&nbsp;&nbsp;&nbsp;	at sun.reflect.DelegatingConstructorAccessorImpl.newInstance(Unknown Source)
<br>&nbsp;&nbsp;&nbsp;&nbsp;	at java.lang.reflect.Constructor.newInstance(Unknown Source)
<br>&nbsp;&nbsp;&nbsp;&nbsp;	at org.openqa.selenium.remote.ErrorHandler.createThrowable(ErrorHandler.java:188)
<br>&nbsp;&nbsp;&nbsp;&nbsp;	at org.openqa.selenium.remote.ErrorHandler.throwIfResponseFailed(ErrorHandler.java:145)
<br>&nbsp;&nbsp;&nbsp;&nbsp;	at org.openqa.selenium.remote.RemoteWebDriver.execute(RemoteWebDriver.java:458)
<br>&nbsp;&nbsp;&nbsp;&nbsp;	at org.openqa.selenium.remote.RemoteWebElement.execute(RemoteWebElement.java:244)
<br>&nbsp;&nbsp;&nbsp;&nbsp;	at org.openqa.selenium.remote.RemoteWebElement.click(RemoteWebElement.java:77)
<br>&nbsp;&nbsp;&nbsp;&nbsp;	at config.Element.click(Element.java:67)
<br>&nbsp;&nbsp;&nbsp;&nbsp;	at tasks.common.QFD_MembersTask.addAuthorMember(QFD_MembersTask.java:75)
<br>&nbsp;&nbsp;&nbsp;&nbsp;	at tasks.common.QFD_MembersTask.addMembers(QFD_MembersTask.java:725)
<br>&nbsp;&nbsp;&nbsp;&nbsp;	at testcases.uat.GUAT_Calendar.testMain_UAT_Calendar(GUAT_Calendar.java:66)
<br>&nbsp;&nbsp;&nbsp;&nbsp;	at sun.reflect.NativeMethodAccessorImpl.invoke0(Native Method)
<br>&nbsp;&nbsp;&nbsp;&nbsp;	at sun.reflect.NativeMethodAccessorImpl.invoke(Unknown Source)
<br>&nbsp;&nbsp;&nbsp;&nbsp;	at sun.reflect.DelegatingMethodAccessorImpl.invoke(Unknown Source)
<br>&nbsp;&nbsp;&nbsp;&nbsp;	at java.lang.reflect.Method.invoke(Unknown Source)
<br>&nbsp;&nbsp;&nbsp;&nbsp;	at junit.framework.TestCase.runTest(TestCase.java:168)
<br>&nbsp;&nbsp;&nbsp;&nbsp;	at junit.framework.TestCase.runBare(TestCase.java:134)
<br>&nbsp;&nbsp;&nbsp;&nbsp;	at junit.framework.TestResult$1.protect(TestResult.java:110)
<br>&nbsp;&nbsp;&nbsp;&nbsp;	at junit.framework.TestResult.runProtected(TestResult.java:128)
<br>&nbsp;&nbsp;&nbsp;&nbsp;	at junit.framework.TestResult.run(TestResult.java:113)
<br>&nbsp;&nbsp;&nbsp;&nbsp;	at junit.framework.TestCase.run(TestCase.java:124)
<br>&nbsp;&nbsp;&nbsp;&nbsp;	at junit.framework.TestSuite.runTest(TestSuite.java:243)
<br>&nbsp;&nbsp;&nbsp;&nbsp;	at junit.framework.TestSuite.run(TestSuite.java:238)
<br>&nbsp;&nbsp;&nbsp;&nbsp;	at junit.extensions.TestDecorator.basicRun(TestDecorator.java:24)
<br>&nbsp;&nbsp;&nbsp;&nbsp;	at junit.extensions.TestSetup$1.protect(TestSetup.java:23)
<br>&nbsp;&nbsp;&nbsp;&nbsp;	at junit.framework.TestResult.runProtected(TestResult.java:128)
<br>&nbsp;&nbsp;&nbsp;&nbsp;	at junit.extensions.TestSetup.run(TestSetup.java:27)
<br>&nbsp;&nbsp;&nbsp;&nbsp;	at org.junit.internal.runners.JUnit38ClassRunner.run(JUnit38ClassRunner.java:83)
<br>&nbsp;&nbsp;&nbsp;&nbsp;	at org.eclipse.jdt.internal.junit4.runner.JUnit4TestReference.run(JUnit4TestReference.java:49)
<br>&nbsp;&nbsp;&nbsp;&nbsp;	at org.eclipse.jdt.internal.junit.runner.TestExecution.run(TestExecution.java:38)
<br>&nbsp;&nbsp;&nbsp;&nbsp;	at org.eclipse.jdt.internal.junit.runner.RemoteTestRunner.runTests(RemoteTestRunner.java:467)
<br>&nbsp;&nbsp;&nbsp;&nbsp;	at org.eclipse.jdt.internal.junit.runner.RemoteTestRunner.runTests(RemoteTestRunner.java:683)
<br>&nbsp;&nbsp;&nbsp;&nbsp;	at org.eclipse.jdt.internal.junit.runner.RemoteTestRunner.run(RemoteTestRunner.java:390)
<br>&nbsp;&nbsp;&nbsp;&nbsp;	at org.eclipse.jdt.internal.junit.runner.RemoteTestRunner.main(RemoteTestRunner.java:197)
</td></tr>
</table>
<br>
</body></html>